<?xml version="1.0" encoding="UTF-8"?>
<testsuite xmlns:xsi="http://www.w3.org/2001/XMLSchema-instance" xsi:noNamespaceSchemaLocation="https://maven.apache.org/surefire/maven-surefire-plugin/xsd/surefire-test-report-3.0.xsd" version="3.0" name="TATA_CLIQ.TATA_CLIQ_OFFERINGS" time="443.97" tests="9" errors="0" skipped="0" failures="2">
  <properties>
[...]
</properties>
  <testcase name="TC1" classname="TATA_CLIQ.TATA_CLIQ_OFFERINGS" time="27.736">
    <system-out><![CDATA[2
user get as per thier choice - digitl and anglog type watches
]]></system-out>
    <system-err><![CDATA[SLF4J: Failed to load class "org.slf4j.impl.StaticLoggerBinder".
SLF4J: Defaulting to no-operation (NOP) logger implementation
SLF4J: See http://www.slf4j.org/codes.html#StaticLoggerBinder for further details.
Starting Microsoft Edge WebDriver 103.0.1264.77 (2b250f2585e4f7418e51e230b93685cdc0ed9db5) on port 20351
To submit feedback, report a bug, or suggest new features, please visit https://github.com/MicrosoftEdge/EdgeWebDriver

Only local connections are allowed.
Please see https://aka.ms/WebDriverSecurity for suggestions on keeping Microsoft Edge WebDriver safe.

Microsoft Edge WebDriver was started successfully.
Nov 29, 2022 9:52:19 AM org.openqa.selenium.remote.ProtocolHandshake createSession
INFO: Detected dialect: W3C
]]></system-err>
  </testcase>
  <testcase name="TC2" classname="TATA_CLIQ.TATA_CLIQ_OFFERINGS" time="52.388">
    <system-out><![CDATA[2
user get as per thier choice in different brands in watches 
]]></system-out>
    <system-err><![CDATA[Starting Microsoft Edge WebDriver 103.0.1264.77 (2b250f2585e4f7418e51e230b93685cdc0ed9db5) on port 54619
To submit feedback, report a bug, or suggest new features, please visit https://github.com/MicrosoftEdge/EdgeWebDriver

Only local connections are allowed.
Please see https://aka.ms/WebDriverSecurity for suggestions on keeping Microsoft Edge WebDriver safe.

Microsoft Edge WebDriver was started successfully.
Nov 29, 2022 9:52:58 AM org.openqa.selenium.remote.ProtocolHandshake createSession
INFO: Detected dialect: W3C
]]></system-err>
  </testcase>
  <testcase name="TC3" classname="TATA_CLIQ.TATA_CLIQ_OFFERINGS" time="38.78">
    <system-out><![CDATA[2
user get as per thier choice in different type of watches as per thier priceamount 
]]></system-out>
    <system-err><![CDATA[Starting Microsoft Edge WebDriver 103.0.1264.77 (2b250f2585e4f7418e51e230b93685cdc0ed9db5) on port 25494
To submit feedback, report a bug, or suggest new features, please visit https://github.com/MicrosoftEdge/EdgeWebDriver

Only local connections are allowed.
Please see https://aka.ms/WebDriverSecurity for suggestions on keeping Microsoft Edge WebDriver safe.

Microsoft Edge WebDriver was started successfully.
Nov 29, 2022 9:53:50 AM org.openqa.selenium.remote.ProtocolHandshake createSession
INFO: Detected dialect: W3C
]]></system-err>
  </testcase>
  <testcase name="TC4" classname="TATA_CLIQ.TATA_CLIQ_OFFERINGS" time="40.208">
    <system-out><![CDATA[2
user get as per thier choice in different type dail shape of watches  
]]></system-out>
    <system-err><![CDATA[Starting Microsoft Edge WebDriver 103.0.1264.77 (2b250f2585e4f7418e51e230b93685cdc0ed9db5) on port 38471
To submit feedback, report a bug, or suggest new features, please visit https://github.com/MicrosoftEdge/EdgeWebDriver

Only local connections are allowed.
Please see https://aka.ms/WebDriverSecurity for suggestions on keeping Microsoft Edge WebDriver safe.

Microsoft Edge WebDriver was started successfully.
Nov 29, 2022 9:54:29 AM org.openqa.selenium.remote.ProtocolHandshake createSession
INFO: Detected dialect: W3C
]]></system-err>
  </testcase>
  <testcase name="TC5" classname="TATA_CLIQ.TATA_CLIQ_OFFERINGS" time="68.016">
    <system-out><![CDATA[2
user get as per thier choice in different type features in watches  
]]></system-out>
    <system-err><![CDATA[Starting Microsoft Edge WebDriver 103.0.1264.77 (2b250f2585e4f7418e51e230b93685cdc0ed9db5) on port 22412
To submit feedback, report a bug, or suggest new features, please visit https://github.com/MicrosoftEdge/EdgeWebDriver

Only local connections are allowed.
Please see https://aka.ms/WebDriverSecurity for suggestions on keeping Microsoft Edge WebDriver safe.

Microsoft Edge WebDriver was started successfully.
Nov 29, 2022 9:55:09 AM org.openqa.selenium.remote.ProtocolHandshake createSession
INFO: Detected dialect: W3C
]]></system-err>
  </testcase>
  <testcase name="TC6" classname="TATA_CLIQ.TATA_CLIQ_OFFERINGS" time="23.503">
    <failure message="element click intercepted: Element &lt;a class=&quot;DesktopFooter__categoryLink&quot; href=&quot;/watches-men/c-msh1500&quot;&gt;...&lt;/a&gt; is not clickable at point (785, 532). Other element would receive the click: &lt;div class=&quot;Feed__center&quot;&gt;...&lt;/div&gt;&#10;  (Session info: MicrosoftEdge=103.0.1264.62)&#10;Build info: version: &apos;3.141.59&apos;, revision: &apos;e82be7d358&apos;, time: &apos;2018-11-14T08:17:03&apos;&#10;System info: host: &apos;LAPTOP-HEPN219V&apos;, ip: &apos;192.168.43.223&apos;, os.name: &apos;Windows 11&apos;, os.arch: &apos;amd64&apos;, os.version: &apos;10.0&apos;, java.version: &apos;11.0.16.1&apos;&#10;Driver info: org.openqa.selenium.edge.EdgeDriver&#10;Capabilities {acceptInsecureCerts: false, browserName: msedge, browserVersion: 103.0.1264.62, javascriptEnabled: true, ms:edgeOptions: {debuggerAddress: localhost:54636}, msedge: {msedgedriverVersion: 103.0.1264.77 (2b250f2585e4..., userDataDir: C:\Users\HP\AppData\Local\T...}, networkConnectionEnabled: false, pageLoadStrategy: normal, platform: WINDOWS, platformName: WINDOWS, proxy: Proxy(), setWindowRect: true, strictFileInteractability: false, timeouts: {implicit: 0, pageLoad: 300000, script: 30000}, unhandledPromptBehavior: dismiss and notify, webauthn:extension:credBlob: true, webauthn:extension:largeBlob: true, webauthn:virtualAuthenticators: true}&#10;Session ID: 27d63c966a7a9d2aed37ed00f48482eb" type="org.openqa.selenium.ElementClickInterceptedException"><![CDATA[org.openqa.selenium.ElementClickInterceptedException: 
element click intercepted: Element <a class="DesktopFooter__categoryLink" href="/watches-men/c-msh1500">...</a> is not clickable at point (785, 532). Other element would receive the click: <div class="Feed__center">...</div>
  (Session info: MicrosoftEdge=103.0.1264.62)
Build info: version: '3.141.59', revision: 'e82be7d358', time: '2018-11-14T08:17:03'
System info: host: 'LAPTOP-HEPN219V', ip: '192.168.43.223', os.name: 'Windows 11', os.arch: 'amd64', os.version: '10.0', java.version: '11.0.16.1'
Driver info: org.openqa.selenium.edge.EdgeDriver
Capabilities {acceptInsecureCerts: false, browserName: msedge, browserVersion: 103.0.1264.62, javascriptEnabled: true, ms:edgeOptions: {debuggerAddress: localhost:54636}, msedge: {msedgedriverVersion: 103.0.1264.77 (2b250f2585e4..., userDataDir: C:\Users\HP\AppData\Local\T...}, networkConnectionEnabled: false, pageLoadStrategy: normal, platform: WINDOWS, platformName: WINDOWS, proxy: Proxy(), setWindowRect: true, strictFileInteractability: false, timeouts: {implicit: 0, pageLoad: 300000, script: 30000}, unhandledPromptBehavior: dismiss and notify, webauthn:extension:credBlob: true, webauthn:extension:largeBlob: true, webauthn:virtualAuthenticators: true}
Session ID: 27d63c966a7a9d2aed37ed00f48482eb
	at TATA_CLIQ.TATA_CLIQ_OFFERINGS.TC6(TATA_CLIQ_OFFERINGS.java:163)
]]></failure>
    <system-err><![CDATA[Starting Microsoft Edge WebDriver 103.0.1264.77 (2b250f2585e4f7418e51e230b93685cdc0ed9db5) on port 49860
To submit feedback, report a bug, or suggest new features, please visit https://github.com/MicrosoftEdge/EdgeWebDriver

Only local connections are allowed.
Please see https://aka.ms/WebDriverSecurity for suggestions on keeping Microsoft Edge WebDriver safe.

Microsoft Edge WebDriver was started successfully.
Nov 29, 2022 9:56:17 AM org.openqa.selenium.remote.ProtocolHandshake createSession
INFO: Detected dialect: W3C
]]></system-err>
  </testcase>
  <testcase name="TC7" classname="TATA_CLIQ.TATA_CLIQ_OFFERINGS" time="99.218">
    <system-out><![CDATA[2
user get as per thier choice in min and mx price in watches
]]></system-out>
    <system-err><![CDATA[Starting Microsoft Edge WebDriver 103.0.1264.77 (2b250f2585e4f7418e51e230b93685cdc0ed9db5) on port 35036
To submit feedback, report a bug, or suggest new features, please visit https://github.com/MicrosoftEdge/EdgeWebDriver

Only local connections are allowed.
Please see https://aka.ms/WebDriverSecurity for suggestions on keeping Microsoft Edge WebDriver safe.

Microsoft Edge WebDriver was started successfully.
Nov 29, 2022 9:56:40 AM org.openqa.selenium.remote.ProtocolHandshake createSession
INFO: Detected dialect: W3C
]]></system-err>
  </testcase>
  <testcase name="TC8" classname="TATA_CLIQ.TATA_CLIQ_OFFERINGS" time="63.472">
    <system-out><![CDATA[2
user get as per thier choice in the all discount
]]></system-out>
    <system-err><![CDATA[Starting Microsoft Edge WebDriver 103.0.1264.77 (2b250f2585e4f7418e51e230b93685cdc0ed9db5) on port 15924
To submit feedback, report a bug, or suggest new features, please visit https://github.com/MicrosoftEdge/EdgeWebDriver

Only local connections are allowed.
Please see https://aka.ms/WebDriverSecurity for suggestions on keeping Microsoft Edge WebDriver safe.

Microsoft Edge WebDriver was started successfully.
Nov 29, 2022 9:58:20 AM org.openqa.selenium.remote.ProtocolHandshake createSession
INFO: Detected dialect: W3C
]]></system-err>
  </testcase>
  <testcase name="TC9" classname="TATA_CLIQ.TATA_CLIQ_OFFERINGS" time="16.977">
    <failure message="stale element reference: element is not attached to the page document&#10;  (Session info: MicrosoftEdge=103.0.1264.62)&#10;For documentation on this error, please visit: https://www.seleniumhq.org/exceptions/stale_element_reference.html&#10;Build info: version: &apos;3.141.59&apos;, revision: &apos;e82be7d358&apos;, time: &apos;2018-11-14T08:17:03&apos;&#10;System info: host: &apos;LAPTOP-HEPN219V&apos;, ip: &apos;192.168.43.223&apos;, os.name: &apos;Windows 11&apos;, os.arch: &apos;amd64&apos;, os.version: &apos;10.0&apos;, java.version: &apos;11.0.16.1&apos;&#10;Driver info: org.openqa.selenium.edge.EdgeDriver&#10;Capabilities {acceptInsecureCerts: false, browserName: msedge, browserVersion: 103.0.1264.62, javascriptEnabled: true, ms:edgeOptions: {debuggerAddress: localhost:55529}, msedge: {msedgedriverVersion: 103.0.1264.77 (2b250f2585e4..., userDataDir: C:\Users\HP\AppData\Local\T...}, networkConnectionEnabled: false, pageLoadStrategy: normal, platform: WINDOWS, platformName: WINDOWS, proxy: Proxy(), setWindowRect: true, strictFileInteractability: false, timeouts: {implicit: 0, pageLoad: 300000, script: 30000}, unhandledPromptBehavior: dismiss and notify, webauthn:extension:credBlob: true, webauthn:extension:largeBlob: true, webauthn:virtualAuthenticators: true}&#10;Session ID: 407f5b1d542918459ee39578e98eb40b" type="org.openqa.selenium.StaleElementReferenceException"><![CDATA[org.openqa.selenium.StaleElementReferenceException: 
stale element reference: element is not attached to the page document
  (Session info: MicrosoftEdge=103.0.1264.62)
For documentation on this error, please visit: https://www.seleniumhq.org/exceptions/stale_element_reference.html
Build info: version: '3.141.59', revision: 'e82be7d358', time: '2018-11-14T08:17:03'
System info: host: 'LAPTOP-HEPN219V', ip: '192.168.43.223', os.name: 'Windows 11', os.arch: 'amd64', os.version: '10.0', java.version: '11.0.16.1'
Driver info: org.openqa.selenium.edge.EdgeDriver
Capabilities {acceptInsecureCerts: false, browserName: msedge, browserVersion: 103.0.1264.62, javascriptEnabled: true, ms:edgeOptions: {debuggerAddress: localhost:55529}, msedge: {msedgedriverVersion: 103.0.1264.77 (2b250f2585e4..., userDataDir: C:\Users\HP\AppData\Local\T...}, networkConnectionEnabled: false, pageLoadStrategy: normal, platform: WINDOWS, platformName: WINDOWS, proxy: Proxy(), setWindowRect: true, strictFileInteractability: false, timeouts: {implicit: 0, pageLoad: 300000, script: 30000}, unhandledPromptBehavior: dismiss and notify, webauthn:extension:credBlob: true, webauthn:extension:largeBlob: true, webauthn:virtualAuthenticators: true}
Session ID: 407f5b1d542918459ee39578e98eb40b
	at TATA_CLIQ.TATA_CLIQ_OFFERINGS.TC9(TATA_CLIQ_OFFERINGS.java:246)
]]></failure>
    <system-err><![CDATA[Starting Microsoft Edge WebDriver 103.0.1264.77 (2b250f2585e4f7418e51e230b93685cdc0ed9db5) on port 22001
To submit feedback, report a bug, or suggest new features, please visit https://github.com/MicrosoftEdge/EdgeWebDriver

Only local connections are allowed.
Please see https://aka.ms/WebDriverSecurity for suggestions on keeping Microsoft Edge WebDriver safe.

Microsoft Edge WebDriver was started successfully.
Nov 29, 2022 9:59:23 AM org.openqa.selenium.remote.ProtocolHandshake createSession
INFO: Detected dialect: W3C
]]></system-err>
  </testcase>
</testsuite>