<?xml version="1.0" encoding="UTF-8"?>
<!-- Generated by org.testng.reporters.JUnitXMLReporter -->
<testsuite hostname="LAPTOP-HEPN219V" failures="0" tests="9" name="Default test" time="179.168" errors="0" timestamp="29 Nov 2022 12:24:15 GMT">
  <testcase classname="TATA_CLIQ.Tatacliq" name="TC1" time="11.442"/>
  <testcase classname="TATA_CLIQ.Tatacliq" name="TC2" time="9.982"/>
  <testcase classname="TATA_CLIQ.Tatacliq" name="TC3" time="10.298"/>
  <testcase classname="TATA_CLIQ.Tatacliq" name="TC4" time="9.018"/>
  <testcase classname="TATA_CLIQ.Tatacliq" name="TC5" time="9.772"/>
  <testcase classname="TATA_CLIQ.Tatacliq" name="TC6" time="14.337"/>
  <testcase classname="TATA_CLIQ.Tatacliq" name="TC7" time="40.114"/>
  <testcase classname="TATA_CLIQ.Tatacliq" name="TC8" time="29.96"/>
  <testcase classname="TATA_CLIQ.Tatacliq" name="TC9" time="28.424"/>
</testsuite> <!-- Default test -->
